============================= test session starts ==============================
platform darwin -- Python 3.10.8, pytest-8.3.5, pluggy-1.5.0 -- /Users/liam/Python syntax core/.venv/bin/python
cachedir: .pytest_cache
rootdir: /Users/liam/Python syntax core
configfile: pytest.ini
plugins: xdist-3.7.0, timeout-2.4.0, cov-6.1.1, forked-1.6.0, asyncio-1.0.0
asyncio: mode=strict, asyncio_default_fixture_loop_scope=None, asyncio_default_test_loop_scope=function
collecting ... collected 4741 items / 4 skipped

examples/test_is_prime.py::test_edge_cases[-5-False] PASSED              [  0%]
examples/test_is_prime.py::test_edge_cases[0-False] PASSED               [  0%]
examples/test_is_prime.py::test_edge_cases[2-True] PASSED                [  0%]
examples/test_is_prime.py::test_edge_cases[17-True] PASSED               [  0%]
examples/test_is_prime.py::test_edge_cases[97-True] PASSED               [  0%]
examples/test_is_prime.py::test_non_primes[1] PASSED                     [  0%]
examples/test_is_prime.py::test_non_primes[20] PASSED                    [  0%]
examples/test_is_prime.py::test_non_primes[100] PASSED                   [  0%]
scripts/ci_test.py::test_core_imports PASSED                             [  0%]
scripts/ci_test.py::test_basic_functionality PASSED                      [  0%]
scripts/ci_test.py::test_memory_scripts PASSED                           [  0%]
test_last_10.py::test_single_file ERROR                                  [  0%]
test_remaining_6.py::test_single_file ERROR                              [  0%]
tests/archive/broken_tests/test_trading_engine_advanced.py::TestTradingEngineAdvanced::test_calculate_position_size_basic PASSED [  0%]
tests/archive/broken_tests/test_trading_engine_advanced.py::TestTradingEngineAdvanced::test_calculate_position_size_zero_risk PASSED [  0%]
tests/archive/broken_tests/test_trading_engine_advanced.py::TestTradingEngineAdvanced::test_process_buy_signal_valid PASSED [  0%]
tests/archive/broken_tests/test_trading_engine_advanced.py::TestTradingEngineAdvanced::test_process_buy_signal_invalid_no_signal PASSED [  0%]
tests/archive/broken_tests/test_trading_engine_advanced.py::TestTradingEngineAdvanced::test_process_buy_signal_already_has_position PASSED [  0%]
tests/archive/broken_tests/test_trading_engine_advanced.py::TestTradingEngineAdvanced::test_process_buy_signal_zero_quantity PASSED [  0%]
tests/archive/broken_tests/test_trading_engine_advanced.py::TestTradingEngineAdvanced::test_process_buy_signal_execution_error PASSED [  0%]
tests/archive/broken_tests/test_trading_engine_advanced.py::TestTradingEngineAdvanced::test_process_sell_signal_valid PASSED [  0%]
tests/archive/broken_tests/test_trading_engine_advanced.py::TestTradingEngineAdvanced::test_process_sell_signal_no_position PASSED [  0%]
tests/archive/broken_tests/test_trading_engine_advanced.py::TestTradingEngineAdvanced::test_process_sell_signal_execution_error PASSED [  0%]
tests/archive/broken_tests/test_trading_engine_advanced.py::TestTradingEngineAdvanced::test_update_positions PASSED [  0%]
tests/archive/broken_tests/test_trading_engine_advanced.py::TestTradingEngineAdvanced::test_send_status_update_too_soon PASSED [  0%]
tests/archive/broken_tests/test_trading_engine_advanced.py::TestTradingEngineAdvanced::test_send_status_update_no_position PASSED [  0%]
tests/archive/broken_tests/test_trading_engine_advanced.py::TestTradingEngineAdvanced::test_send_status_update_with_position PASSED [  0%]
tests/archive/broken_tests/test_trading_engine_advanced.py::TestTradingEngineAdvanced::test_execute_trading_cycle_success PASSED [  0%]
tests/archive/broken_tests/test_trading_engine_advanced.py::TestTradingEngineAdvanced::test_execute_trading_cycle_empty_data FAILED [  0%]
tests/archive/broken_tests/test_trading_engine_advanced.py::TestTradingEngineAdvanced::test_execute_trading_cycle_invalid_signal FAILED [  0%]
tests/archive/broken_tests/test_trading_engine_advanced.py::TestTradingEngineAdvanced::test_update_monitoring_metrics FAILED [  0%]
tests/archive/broken_tests/test_trading_engine_advanced.py::TestTradingEngineAdvanced::test_start_trading_loop_single_iteration 